[0.007s] Invoking command in '/home/cameron/ros2_ws/src/RaspberryPi-RS2/RS2/build/chess_pi': CMAKE_PREFIX_PATH=${CMAKE_PREFIX_PATH}:/opt/ros/humble /usr/bin/cmake --build /home/cameron/ros2_ws/src/RaspberryPi-RS2/RS2/build/chess_pi -- -j16 -l16
[0.036s] [35m[1mConsolidate compiler generated dependencies of target chess_node[0m
[0.048s] [ 50%] [32mBuilding CXX object CMakeFiles/chess_node.dir/src/chessboard.cpp.o[0m
[0.049s] [ 50%] Built target ament_cmake_python_copy_chess_pi
[0.212s] running egg_info
[0.213s] writing chess_pi.egg-info/PKG-INFO
[0.213s] writing dependency_links to chess_pi.egg-info/dependency_links.txt
[0.213s] writing top-level names to chess_pi.egg-info/top_level.txt
[0.214s] reading manifest file 'chess_pi.egg-info/SOURCES.txt'
[0.214s] writing manifest file 'chess_pi.egg-info/SOURCES.txt'
[0.233s] [ 50%] Built target ament_cmake_python_build_chess_pi_egg
[7.102s] [100%] [32m[1mLinking CXX executable chess_node[0m
[7.458s] [100%] Built target chess_node
[7.469s] Invoked command in '/home/cameron/ros2_ws/src/RaspberryPi-RS2/RS2/build/chess_pi' returned '0': CMAKE_PREFIX_PATH=${CMAKE_PREFIX_PATH}:/opt/ros/humble /usr/bin/cmake --build /home/cameron/ros2_ws/src/RaspberryPi-RS2/RS2/build/chess_pi -- -j16 -l16
[7.475s] Invoking command in '/home/cameron/ros2_ws/src/RaspberryPi-RS2/RS2/build/chess_pi': CMAKE_PREFIX_PATH=${CMAKE_PREFIX_PATH}:/opt/ros/humble /usr/bin/cmake --install /home/cameron/ros2_ws/src/RaspberryPi-RS2/RS2/build/chess_pi
[7.480s] -- Install configuration: ""
[7.480s] -- Installing: /home/cameron/ros2_ws/src/RaspberryPi-RS2/RS2/install/chess_pi/lib/chess_pi/chess_node
[7.483s] -- Set runtime path of "/home/cameron/ros2_ws/src/RaspberryPi-RS2/RS2/install/chess_pi/lib/chess_pi/chess_node" to ""
[7.483s] -- Installing: /home/cameron/ros2_ws/src/RaspberryPi-RS2/RS2/install/chess_pi/share/chess_pi/launch
[7.483s] -- Installing: /home/cameron/ros2_ws/src/RaspberryPi-RS2/RS2/install/chess_pi/share/chess_pi/launch/moveL.launch.py
[7.483s] -- Installing: /home/cameron/ros2_ws/src/RaspberryPi-RS2/RS2/install/chess_pi/share/chess_pi/launch/__pycache__
[7.483s] -- Installing: /home/cameron/ros2_ws/src/RaspberryPi-RS2/RS2/install/chess_pi/share/chess_pi/launch/__pycache__/moveL.launch.cpython-310.pyc
[7.483s] -- Installing: /home/cameron/ros2_ws/src/RaspberryPi-RS2/RS2/install/chess_pi/share/chess_pi/images
[7.483s] -- Installing: /home/cameron/ros2_ws/src/RaspberryPi-RS2/RS2/install/chess_pi/share/chess_pi/images/pieces.png
[7.483s] -- Installing: /home/cameron/ros2_ws/src/RaspberryPi-RS2/RS2/install/chess_pi/share/chess_pi/config
[7.484s] -- Installing: /home/cameron/ros2_ws/src/RaspberryPi-RS2/RS2/install/chess_pi/share/chess_pi/config/controllers.yaml
[7.484s] -- Installing: /home/cameron/ros2_ws/src/RaspberryPi-RS2/RS2/install/chess_pi/share/chess_pi/config/kinematics.yaml
[7.484s] -- Installing: /home/cameron/ros2_ws/src/RaspberryPi-RS2/RS2/install/chess_pi/lib/chess_pi/servo_control_node.py
[7.484s] -- Installing: /home/cameron/ros2_ws/src/RaspberryPi-RS2/RS2/install/chess_pi/share/chess_pi/environment/pythonpath.sh
[7.484s] -- Installing: /home/cameron/ros2_ws/src/RaspberryPi-RS2/RS2/install/chess_pi/share/chess_pi/environment/pythonpath.dsv
[7.484s] -- Installing: /home/cameron/ros2_ws/src/RaspberryPi-RS2/RS2/install/chess_pi/local/lib/python3.10/dist-packages/chess_pi-0.0.0-py3.10.egg-info
[7.484s] -- Installing: /home/cameron/ros2_ws/src/RaspberryPi-RS2/RS2/install/chess_pi/local/lib/python3.10/dist-packages/chess_pi-0.0.0-py3.10.egg-info/PKG-INFO
[7.484s] -- Installing: /home/cameron/ros2_ws/src/RaspberryPi-RS2/RS2/install/chess_pi/local/lib/python3.10/dist-packages/chess_pi-0.0.0-py3.10.egg-info/SOURCES.txt
[7.484s] -- Installing: /home/cameron/ros2_ws/src/RaspberryPi-RS2/RS2/install/chess_pi/local/lib/python3.10/dist-packages/chess_pi-0.0.0-py3.10.egg-info/top_level.txt
[7.484s] -- Installing: /home/cameron/ros2_ws/src/RaspberryPi-RS2/RS2/install/chess_pi/local/lib/python3.10/dist-packages/chess_pi-0.0.0-py3.10.egg-info/dependency_links.txt
[7.484s] -- Installing: /home/cameron/ros2_ws/src/RaspberryPi-RS2/RS2/install/chess_pi/local/lib/python3.10/dist-packages/chess_pi
[7.484s] -- Installing: /home/cameron/ros2_ws/src/RaspberryPi-RS2/RS2/install/chess_pi/local/lib/python3.10/dist-packages/chess_pi/__init__.py
[7.505s] Listing '/home/cameron/ros2_ws/src/RaspberryPi-RS2/RS2/install/chess_pi/local/lib/python3.10/dist-packages/chess_pi'...
[7.505s] Compiling '/home/cameron/ros2_ws/src/RaspberryPi-RS2/RS2/install/chess_pi/local/lib/python3.10/dist-packages/chess_pi/__init__.py'...
[7.508s] -- Installing: /home/cameron/ros2_ws/src/RaspberryPi-RS2/RS2/install/chess_pi/share/ament_index/resource_index/package_run_dependencies/chess_pi
[7.508s] -- Installing: /home/cameron/ros2_ws/src/RaspberryPi-RS2/RS2/install/chess_pi/share/ament_index/resource_index/parent_prefix_path/chess_pi
[7.508s] -- Installing: /home/cameron/ros2_ws/src/RaspberryPi-RS2/RS2/install/chess_pi/share/chess_pi/environment/ament_prefix_path.sh
[7.508s] -- Installing: /home/cameron/ros2_ws/src/RaspberryPi-RS2/RS2/install/chess_pi/share/chess_pi/environment/ament_prefix_path.dsv
[7.508s] -- Installing: /home/cameron/ros2_ws/src/RaspberryPi-RS2/RS2/install/chess_pi/share/chess_pi/environment/path.sh
[7.508s] -- Installing: /home/cameron/ros2_ws/src/RaspberryPi-RS2/RS2/install/chess_pi/share/chess_pi/environment/path.dsv
[7.508s] -- Installing: /home/cameron/ros2_ws/src/RaspberryPi-RS2/RS2/install/chess_pi/share/chess_pi/local_setup.bash
[7.508s] -- Installing: /home/cameron/ros2_ws/src/RaspberryPi-RS2/RS2/install/chess_pi/share/chess_pi/local_setup.sh
[7.508s] -- Installing: /home/cameron/ros2_ws/src/RaspberryPi-RS2/RS2/install/chess_pi/share/chess_pi/local_setup.zsh
[7.508s] -- Installing: /home/cameron/ros2_ws/src/RaspberryPi-RS2/RS2/install/chess_pi/share/chess_pi/local_setup.dsv
[7.508s] -- Installing: /home/cameron/ros2_ws/src/RaspberryPi-RS2/RS2/install/chess_pi/share/chess_pi/package.dsv
[7.508s] -- Installing: /home/cameron/ros2_ws/src/RaspberryPi-RS2/RS2/install/chess_pi/share/ament_index/resource_index/packages/chess_pi
[7.508s] -- Installing: /home/cameron/ros2_ws/src/RaspberryPi-RS2/RS2/install/chess_pi/share/chess_pi/cmake/chess_piConfig.cmake
[7.508s] -- Installing: /home/cameron/ros2_ws/src/RaspberryPi-RS2/RS2/install/chess_pi/share/chess_pi/cmake/chess_piConfig-version.cmake
[7.508s] -- Installing: /home/cameron/ros2_ws/src/RaspberryPi-RS2/RS2/install/chess_pi/share/chess_pi/package.xml
[7.511s] Invoked command in '/home/cameron/ros2_ws/src/RaspberryPi-RS2/RS2/build/chess_pi' returned '0': CMAKE_PREFIX_PATH=${CMAKE_PREFIX_PATH}:/opt/ros/humble /usr/bin/cmake --install /home/cameron/ros2_ws/src/RaspberryPi-RS2/RS2/build/chess_pi
