[0.064s] DEBUG:colcon:Command line arguments: ['/usr/bin/colcon', 'build', '--symlink-install']
[0.064s] DEBUG:colcon:Parsed command line arguments: Namespace(log_base=None, log_level=None, verb_name='build', build_base='build', install_base='install', merge_install=False, symlink_install=True, test_result_base=None, continue_on_error=False, executor='parallel', parallel_workers=16, event_handlers=None, ignore_user_meta=False, metas=['./colcon.meta'], base_paths=['.'], packages_ignore=None, packages_ignore_regex=None, paths=None, packages_up_to=None, packages_up_to_regex=None, packages_above=None, packages_above_and_dependencies=None, packages_above_depth=None, packages_select_by_dep=None, packages_skip_by_dep=None, packages_skip_up_to=None, packages_select_build_failed=False, packages_skip_build_finished=False, packages_select_test_failures=False, packages_skip_test_passed=False, packages_select=None, packages_skip=None, packages_select_regex=None, packages_skip_regex=None, packages_start=None, packages_end=None, allow_overriding=[], cmake_args=None, cmake_target=None, cmake_target_skip_unavailable=False, cmake_clean_cache=False, cmake_clean_first=False, cmake_force_configure=False, ament_cmake_args=None, catkin_cmake_args=None, catkin_skip_building_tests=False, mixin_files=None, mixin=None, verb_parser=<colcon_mixin.mixin.mixin_argument.MixinArgumentDecorator object at 0x7c076884a8f0>, verb_extension=<colcon_core.verb.build.BuildVerb object at 0x7c0768814430>, main=<bound method BuildVerb.main of <colcon_core.verb.build.BuildVerb object at 0x7c0768814430>>, mixin_verb=('build',))
[0.156s] Level 1:colcon.colcon_core.package_discovery:discover_packages(colcon_meta) check parameters
[0.156s] Level 1:colcon.colcon_core.package_discovery:discover_packages(recursive) check parameters
[0.156s] Level 1:colcon.colcon_core.package_discovery:discover_packages(ignore) check parameters
[0.156s] Level 1:colcon.colcon_core.package_discovery:discover_packages(path) check parameters
[0.156s] Level 1:colcon.colcon_core.package_discovery:discover_packages(colcon_meta) discover
[0.156s] Level 1:colcon.colcon_core.package_discovery:discover_packages(recursive) discover
[0.156s] INFO:colcon.colcon_core.package_discovery:Crawling recursively for packages in '/home/cameron/ros2_ws/src/RS2/ros2_rs2_packages/ur3_test_control'
[0.156s] Level 1:colcon.colcon_core.package_identification:_identify(.) by extensions ['ignore', 'ignore_ament_install']
[0.156s] Level 1:colcon.colcon_core.package_identification:_identify(.) by extension 'ignore'
[0.156s] Level 1:colcon.colcon_core.package_identification:_identify(.) by extension 'ignore_ament_install'
[0.156s] Level 1:colcon.colcon_core.package_identification:_identify(.) by extensions ['colcon_pkg']
[0.157s] Level 1:colcon.colcon_core.package_identification:_identify(.) by extension 'colcon_pkg'
[0.157s] Level 1:colcon.colcon_core.package_identification:_identify(.) by extensions ['colcon_meta']
[0.157s] Level 1:colcon.colcon_core.package_identification:_identify(.) by extension 'colcon_meta'
[0.157s] Level 1:colcon.colcon_core.package_identification:_identify(.) by extensions ['ros']
[0.157s] Level 1:colcon.colcon_core.package_identification:_identify(.) by extension 'ros'
[0.170s] DEBUG:colcon.colcon_core.package_identification:Package '.' with type 'ros.ament_cmake' and name 'ur3_test_control'
[0.170s] Level 1:colcon.colcon_core.package_discovery:discover_packages(recursive) using defaults
[0.170s] Level 1:colcon.colcon_core.package_discovery:discover_packages(ignore) discover
[0.170s] Level 1:colcon.colcon_core.package_discovery:discover_packages(ignore) using defaults
[0.170s] Level 1:colcon.colcon_core.package_discovery:discover_packages(path) discover
[0.170s] Level 1:colcon.colcon_core.package_discovery:discover_packages(path) using defaults
[0.182s] Level 1:colcon.colcon_core.package_discovery:discover_packages(prefix_path) check parameters
[0.182s] Level 1:colcon.colcon_core.package_discovery:discover_packages(prefix_path) discover
[0.183s] DEBUG:colcon.colcon_installed_package_information.package_discovery:Found 13 installed packages in /home/cameron/ros2_ws/install
[0.184s] DEBUG:colcon.colcon_installed_package_information.package_discovery:Found 380 installed packages in /opt/ros/humble
[0.185s] Level 1:colcon.colcon_core.package_discovery:discover_packages(prefix_path) using defaults
[0.209s] Level 5:colcon.colcon_core.verb:set package 'ur3_test_control' build argument 'cmake_args' from command line to 'None'
[0.209s] Level 5:colcon.colcon_core.verb:set package 'ur3_test_control' build argument 'cmake_target' from command line to 'None'
[0.209s] Level 5:colcon.colcon_core.verb:set package 'ur3_test_control' build argument 'cmake_target_skip_unavailable' from command line to 'False'
[0.209s] Level 5:colcon.colcon_core.verb:set package 'ur3_test_control' build argument 'cmake_clean_cache' from command line to 'False'
[0.209s] Level 5:colcon.colcon_core.verb:set package 'ur3_test_control' build argument 'cmake_clean_first' from command line to 'False'
[0.209s] Level 5:colcon.colcon_core.verb:set package 'ur3_test_control' build argument 'cmake_force_configure' from command line to 'False'
[0.209s] Level 5:colcon.colcon_core.verb:set package 'ur3_test_control' build argument 'ament_cmake_args' from command line to 'None'
[0.209s] Level 5:colcon.colcon_core.verb:set package 'ur3_test_control' build argument 'catkin_cmake_args' from command line to 'None'
[0.209s] Level 5:colcon.colcon_core.verb:set package 'ur3_test_control' build argument 'catkin_skip_building_tests' from command line to 'False'
[0.209s] DEBUG:colcon.colcon_core.verb:Building package 'ur3_test_control' with the following arguments: {'ament_cmake_args': None, 'build_base': '/home/cameron/ros2_ws/src/RS2/ros2_rs2_packages/ur3_test_control/build/ur3_test_control', 'catkin_cmake_args': None, 'catkin_skip_building_tests': False, 'cmake_args': None, 'cmake_clean_cache': False, 'cmake_clean_first': False, 'cmake_force_configure': False, 'cmake_target': None, 'cmake_target_skip_unavailable': False, 'install_base': '/home/cameron/ros2_ws/src/RS2/ros2_rs2_packages/ur3_test_control/install/ur3_test_control', 'merge_install': False, 'path': '/home/cameron/ros2_ws/src/RS2/ros2_rs2_packages/ur3_test_control', 'symlink_install': True, 'test_result_base': None}
[0.209s] INFO:colcon.colcon_core.executor:Executing jobs using 'parallel' executor
[0.210s] DEBUG:colcon.colcon_parallel_executor.executor.parallel:run_until_complete
[0.210s] INFO:colcon.colcon_ros.task.ament_cmake.build:Building ROS package in '/home/cameron/ros2_ws/src/RS2/ros2_rs2_packages/ur3_test_control' with build type 'ament_cmake'
[0.211s] INFO:colcon.colcon_cmake.task.cmake.build:Building CMake package in '/home/cameron/ros2_ws/src/RS2/ros2_rs2_packages/ur3_test_control'
[0.212s] INFO:colcon.colcon_core.plugin_system:Skipping extension 'colcon_core.shell.bat': Not used on non-Windows systems
[0.212s] INFO:colcon.colcon_core.shell:Skip shell extension 'powershell' for command environment: Not usable outside of PowerShell
[0.212s] DEBUG:colcon.colcon_core.shell:Skip shell extension 'dsv' for command environment
[0.218s] DEBUG:colcon.colcon_core.event_handler.log_command:Invoking command in '/home/cameron/ros2_ws/src/RS2/ros2_rs2_packages/ur3_test_control/build/ur3_test_control': CMAKE_PREFIX_PATH=${CMAKE_PREFIX_PATH}:/home/cameron/ros2_ws/install/sjtu_drone_control:/home/cameron/ros2_ws/install/sjtu_drone_bringup:/opt/ros/humble /usr/bin/cmake --build /home/cameron/ros2_ws/src/RS2/ros2_rs2_packages/ur3_test_control/build/ur3_test_control -- -j16 -l16
[0.276s] DEBUG:colcon.colcon_core.event_handler.log_command:Invoked command in '/home/cameron/ros2_ws/src/RS2/ros2_rs2_packages/ur3_test_control/build/ur3_test_control' returned '0': CMAKE_PREFIX_PATH=${CMAKE_PREFIX_PATH}:/home/cameron/ros2_ws/install/sjtu_drone_control:/home/cameron/ros2_ws/install/sjtu_drone_bringup:/opt/ros/humble /usr/bin/cmake --build /home/cameron/ros2_ws/src/RS2/ros2_rs2_packages/ur3_test_control/build/ur3_test_control -- -j16 -l16
[0.283s] DEBUG:colcon.colcon_core.event_handler.log_command:Invoking command in '/home/cameron/ros2_ws/src/RS2/ros2_rs2_packages/ur3_test_control/build/ur3_test_control': CMAKE_PREFIX_PATH=${CMAKE_PREFIX_PATH}:/home/cameron/ros2_ws/install/sjtu_drone_control:/home/cameron/ros2_ws/install/sjtu_drone_bringup:/opt/ros/humble /usr/bin/cmake --install /home/cameron/ros2_ws/src/RS2/ros2_rs2_packages/ur3_test_control/build/ur3_test_control
[0.289s] Level 1:colcon.colcon_core.environment:create_environment_scripts_only(ur3_test_control)
[0.290s] DEBUG:colcon.colcon_core.event_handler.log_command:Invoked command in '/home/cameron/ros2_ws/src/RS2/ros2_rs2_packages/ur3_test_control/build/ur3_test_control' returned '1': CMAKE_PREFIX_PATH=${CMAKE_PREFIX_PATH}:/home/cameron/ros2_ws/install/sjtu_drone_control:/home/cameron/ros2_ws/install/sjtu_drone_bringup:/opt/ros/humble /usr/bin/cmake --install /home/cameron/ros2_ws/src/RS2/ros2_rs2_packages/ur3_test_control/build/ur3_test_control
[0.291s] Level 1:colcon.colcon_core.environment:checking '/home/cameron/ros2_ws/src/RS2/ros2_rs2_packages/ur3_test_control/install/ur3_test_control' for CMake module files
[0.291s] Level 1:colcon.colcon_core.environment:checking '/home/cameron/ros2_ws/src/RS2/ros2_rs2_packages/ur3_test_control/install/ur3_test_control' for CMake config files
[0.291s] Level 1:colcon.colcon_core.environment:checking '/home/cameron/ros2_ws/src/RS2/ros2_rs2_packages/ur3_test_control/install/ur3_test_control/lib'
[0.291s] Level 1:colcon.colcon_core.environment:checking '/home/cameron/ros2_ws/src/RS2/ros2_rs2_packages/ur3_test_control/install/ur3_test_control/bin'
[0.291s] Level 1:colcon.colcon_core.environment:checking '/home/cameron/ros2_ws/src/RS2/ros2_rs2_packages/ur3_test_control/install/ur3_test_control/lib/pkgconfig/ur3_test_control.pc'
[0.292s] Level 1:colcon.colcon_core.environment:checking '/home/cameron/ros2_ws/src/RS2/ros2_rs2_packages/ur3_test_control/install/ur3_test_control/lib/python3.10/site-packages'
[0.292s] Level 1:colcon.colcon_core.environment:checking '/home/cameron/ros2_ws/src/RS2/ros2_rs2_packages/ur3_test_control/install/ur3_test_control/bin'
[0.292s] INFO:colcon.colcon_core.shell:Creating package script '/home/cameron/ros2_ws/src/RS2/ros2_rs2_packages/ur3_test_control/install/ur3_test_control/share/ur3_test_control/package.ps1'
[0.292s] INFO:colcon.colcon_core.shell:Creating package descriptor '/home/cameron/ros2_ws/src/RS2/ros2_rs2_packages/ur3_test_control/install/ur3_test_control/share/ur3_test_control/package.dsv'
[0.293s] INFO:colcon.colcon_core.shell:Creating package script '/home/cameron/ros2_ws/src/RS2/ros2_rs2_packages/ur3_test_control/install/ur3_test_control/share/ur3_test_control/package.sh'
[0.293s] INFO:colcon.colcon_core.shell:Creating package script '/home/cameron/ros2_ws/src/RS2/ros2_rs2_packages/ur3_test_control/install/ur3_test_control/share/ur3_test_control/package.bash'
[0.293s] INFO:colcon.colcon_core.shell:Creating package script '/home/cameron/ros2_ws/src/RS2/ros2_rs2_packages/ur3_test_control/install/ur3_test_control/share/ur3_test_control/package.zsh'
[0.294s] Level 1:colcon.colcon_core.environment:create_file_with_runtime_dependencies(/home/cameron/ros2_ws/src/RS2/ros2_rs2_packages/ur3_test_control/install/ur3_test_control/share/colcon-core/packages/ur3_test_control)
[0.304s] DEBUG:colcon.colcon_parallel_executor.executor.parallel:closing loop
[0.304s] DEBUG:colcon.colcon_parallel_executor.executor.parallel:loop closed
[0.304s] DEBUG:colcon.colcon_parallel_executor.executor.parallel:run_until_complete finished with '1'
[0.304s] DEBUG:colcon.colcon_core.event_reactor:joining thread
[0.307s] INFO:colcon.colcon_core.plugin_system:Skipping extension 'colcon_notification.desktop_notification.terminal_notifier': Not used on non-Darwin systems
[0.307s] INFO:colcon.colcon_core.plugin_system:Skipping extension 'colcon_notification.desktop_notification.win32': Not used on non-Windows systems
[0.307s] INFO:colcon.colcon_notification.desktop_notification:Sending desktop notification using 'notify2'
[0.316s] DEBUG:colcon.colcon_core.event_reactor:joined thread
[0.316s] INFO:colcon.colcon_core.shell:Creating prefix script '/home/cameron/ros2_ws/src/RS2/ros2_rs2_packages/ur3_test_control/install/local_setup.ps1'
[0.317s] INFO:colcon.colcon_core.shell:Creating prefix util module '/home/cameron/ros2_ws/src/RS2/ros2_rs2_packages/ur3_test_control/install/_local_setup_util_ps1.py'
[0.318s] INFO:colcon.colcon_core.shell:Creating prefix chain script '/home/cameron/ros2_ws/src/RS2/ros2_rs2_packages/ur3_test_control/install/setup.ps1'
[0.319s] INFO:colcon.colcon_core.shell:Creating prefix script '/home/cameron/ros2_ws/src/RS2/ros2_rs2_packages/ur3_test_control/install/local_setup.sh'
[0.319s] INFO:colcon.colcon_core.shell:Creating prefix util module '/home/cameron/ros2_ws/src/RS2/ros2_rs2_packages/ur3_test_control/install/_local_setup_util_sh.py'
[0.319s] INFO:colcon.colcon_core.shell:Creating prefix chain script '/home/cameron/ros2_ws/src/RS2/ros2_rs2_packages/ur3_test_control/install/setup.sh'
[0.320s] INFO:colcon.colcon_core.shell:Creating prefix script '/home/cameron/ros2_ws/src/RS2/ros2_rs2_packages/ur3_test_control/install/local_setup.bash'
[0.320s] INFO:colcon.colcon_core.shell:Creating prefix chain script '/home/cameron/ros2_ws/src/RS2/ros2_rs2_packages/ur3_test_control/install/setup.bash'
[0.321s] INFO:colcon.colcon_core.shell:Creating prefix script '/home/cameron/ros2_ws/src/RS2/ros2_rs2_packages/ur3_test_control/install/local_setup.zsh'
[0.321s] INFO:colcon.colcon_core.shell:Creating prefix chain script '/home/cameron/ros2_ws/src/RS2/ros2_rs2_packages/ur3_test_control/install/setup.zsh'
