[0.153s] DEBUG:colcon:Command line arguments: ['/usr/bin/colcon', 'build', '--packages-select', 'chess_pi']
[0.153s] DEBUG:colcon:Parsed command line arguments: Namespace(log_base=None, log_level=None, verb_name='build', build_base='build', install_base='install', merge_install=False, symlink_install=False, test_result_base=None, continue_on_error=False, executor='parallel', parallel_workers=16, event_handlers=None, ignore_user_meta=False, metas=['./colcon.meta'], base_paths=['.'], packages_ignore=None, packages_ignore_regex=None, paths=None, packages_up_to=None, packages_up_to_regex=None, packages_above=None, packages_above_and_dependencies=None, packages_above_depth=None, packages_select_by_dep=None, packages_skip_by_dep=None, packages_skip_up_to=None, packages_select_build_failed=False, packages_skip_build_finished=False, packages_select_test_failures=False, packages_skip_test_passed=False, packages_select=['chess_pi'], packages_skip=None, packages_select_regex=None, packages_skip_regex=None, packages_start=None, packages_end=None, allow_overriding=[], cmake_args=None, cmake_target=None, cmake_target_skip_unavailable=False, cmake_clean_cache=False, cmake_clean_first=False, cmake_force_configure=False, ament_cmake_args=None, catkin_cmake_args=None, catkin_skip_building_tests=False, mixin_files=None, mixin=None, verb_parser=<colcon_mixin.mixin.mixin_argument.MixinArgumentDecorator object at 0x7ccdaed738b0>, verb_extension=<colcon_core.verb.build.BuildVerb object at 0x7ccdaed25a20>, main=<bound method BuildVerb.main of <colcon_core.verb.build.BuildVerb object at 0x7ccdaed25a20>>, mixin_verb=('build',))
[0.353s] Level 1:colcon.colcon_core.package_discovery:discover_packages(colcon_meta) check parameters
[0.354s] Level 1:colcon.colcon_core.package_discovery:discover_packages(recursive) check parameters
[0.354s] Level 1:colcon.colcon_core.package_discovery:discover_packages(ignore) check parameters
[0.354s] Level 1:colcon.colcon_core.package_discovery:discover_packages(path) check parameters
[0.354s] Level 1:colcon.colcon_core.package_discovery:discover_packages(colcon_meta) discover
[0.354s] Level 1:colcon.colcon_core.package_discovery:discover_packages(recursive) discover
[0.354s] INFO:colcon.colcon_core.package_discovery:Crawling recursively for packages in '/home/cameron/ros2_ws/src/RaspberryPi-RS2/RS2/ros2_rs2_packages/chess_pi'
[0.354s] Level 1:colcon.colcon_core.package_identification:_identify(.) by extensions ['ignore', 'ignore_ament_install']
[0.354s] Level 1:colcon.colcon_core.package_identification:_identify(.) by extension 'ignore'
[0.354s] Level 1:colcon.colcon_core.package_identification:_identify(.) by extension 'ignore_ament_install'
[0.354s] Level 1:colcon.colcon_core.package_identification:_identify(.) by extensions ['colcon_pkg']
[0.354s] Level 1:colcon.colcon_core.package_identification:_identify(.) by extension 'colcon_pkg'
[0.354s] Level 1:colcon.colcon_core.package_identification:_identify(.) by extensions ['colcon_meta']
[0.354s] Level 1:colcon.colcon_core.package_identification:_identify(.) by extension 'colcon_meta'
[0.354s] Level 1:colcon.colcon_core.package_identification:_identify(.) by extensions ['ros']
[0.354s] Level 1:colcon.colcon_core.package_identification:_identify(.) by extension 'ros'
[0.379s] DEBUG:colcon.colcon_core.package_identification:Package '.' with type 'ros.ament_cmake' and name 'chess_pi'
[0.379s] Level 1:colcon.colcon_core.package_discovery:discover_packages(recursive) using defaults
[0.379s] Level 1:colcon.colcon_core.package_discovery:discover_packages(ignore) discover
[0.379s] Level 1:colcon.colcon_core.package_discovery:discover_packages(ignore) using defaults
[0.379s] Level 1:colcon.colcon_core.package_discovery:discover_packages(path) discover
[0.379s] Level 1:colcon.colcon_core.package_discovery:discover_packages(path) using defaults
[0.400s] Level 1:colcon.colcon_core.package_discovery:discover_packages(prefix_path) check parameters
[0.400s] Level 1:colcon.colcon_core.package_discovery:discover_packages(prefix_path) discover
[0.402s] DEBUG:colcon.colcon_installed_package_information.package_discovery:Found 3 installed packages in /home/cameron/ros2_ws/install
[0.403s] DEBUG:colcon.colcon_installed_package_information.package_discovery:Found 389 installed packages in /opt/ros/humble
[0.406s] Level 1:colcon.colcon_core.package_discovery:discover_packages(prefix_path) using defaults
[0.455s] Level 5:colcon.colcon_core.verb:set package 'chess_pi' build argument 'cmake_args' from command line to 'None'
[0.455s] Level 5:colcon.colcon_core.verb:set package 'chess_pi' build argument 'cmake_target' from command line to 'None'
[0.455s] Level 5:colcon.colcon_core.verb:set package 'chess_pi' build argument 'cmake_target_skip_unavailable' from command line to 'False'
[0.455s] Level 5:colcon.colcon_core.verb:set package 'chess_pi' build argument 'cmake_clean_cache' from command line to 'False'
[0.455s] Level 5:colcon.colcon_core.verb:set package 'chess_pi' build argument 'cmake_clean_first' from command line to 'False'
[0.455s] Level 5:colcon.colcon_core.verb:set package 'chess_pi' build argument 'cmake_force_configure' from command line to 'False'
[0.455s] Level 5:colcon.colcon_core.verb:set package 'chess_pi' build argument 'ament_cmake_args' from command line to 'None'
[0.455s] Level 5:colcon.colcon_core.verb:set package 'chess_pi' build argument 'catkin_cmake_args' from command line to 'None'
[0.455s] Level 5:colcon.colcon_core.verb:set package 'chess_pi' build argument 'catkin_skip_building_tests' from command line to 'False'
[0.455s] DEBUG:colcon.colcon_core.verb:Building package 'chess_pi' with the following arguments: {'ament_cmake_args': None, 'build_base': '/home/cameron/ros2_ws/src/RaspberryPi-RS2/RS2/ros2_rs2_packages/chess_pi/build/chess_pi', 'catkin_cmake_args': None, 'catkin_skip_building_tests': False, 'cmake_args': None, 'cmake_clean_cache': False, 'cmake_clean_first': False, 'cmake_force_configure': False, 'cmake_target': None, 'cmake_target_skip_unavailable': False, 'install_base': '/home/cameron/ros2_ws/src/RaspberryPi-RS2/RS2/ros2_rs2_packages/chess_pi/install/chess_pi', 'merge_install': False, 'path': '/home/cameron/ros2_ws/src/RaspberryPi-RS2/RS2/ros2_rs2_packages/chess_pi', 'symlink_install': False, 'test_result_base': None}
[0.455s] INFO:colcon.colcon_core.executor:Executing jobs using 'parallel' executor
[0.457s] DEBUG:colcon.colcon_parallel_executor.executor.parallel:run_until_complete
[0.458s] INFO:colcon.colcon_ros.task.ament_cmake.build:Building ROS package in '/home/cameron/ros2_ws/src/RaspberryPi-RS2/RS2/ros2_rs2_packages/chess_pi' with build type 'ament_cmake'
[0.458s] INFO:colcon.colcon_cmake.task.cmake.build:Building CMake package in '/home/cameron/ros2_ws/src/RaspberryPi-RS2/RS2/ros2_rs2_packages/chess_pi'
[0.461s] INFO:colcon.colcon_core.plugin_system:Skipping extension 'colcon_core.shell.bat': Not used on non-Windows systems
[0.461s] INFO:colcon.colcon_core.shell:Skip shell extension 'powershell' for command environment: Not usable outside of PowerShell
[0.461s] DEBUG:colcon.colcon_core.shell:Skip shell extension 'dsv' for command environment
[0.482s] DEBUG:colcon.colcon_core.event_handler.log_command:Invoking command in '/home/cameron/ros2_ws/src/RaspberryPi-RS2/RS2/ros2_rs2_packages/chess_pi/build/chess_pi': CMAKE_PREFIX_PATH=${CMAKE_PREFIX_PATH}:/opt/ros/humble /usr/bin/cmake --build /home/cameron/ros2_ws/src/RaspberryPi-RS2/RS2/ros2_rs2_packages/chess_pi/build/chess_pi -- -j16 -l16
[13.014s] DEBUG:colcon.colcon_core.event_handler.log_command:Invoked command in '/home/cameron/ros2_ws/src/RaspberryPi-RS2/RS2/ros2_rs2_packages/chess_pi/build/chess_pi' returned '0': CMAKE_PREFIX_PATH=${CMAKE_PREFIX_PATH}:/opt/ros/humble /usr/bin/cmake --build /home/cameron/ros2_ws/src/RaspberryPi-RS2/RS2/ros2_rs2_packages/chess_pi/build/chess_pi -- -j16 -l16
[13.030s] DEBUG:colcon.colcon_core.event_handler.log_command:Invoking command in '/home/cameron/ros2_ws/src/RaspberryPi-RS2/RS2/ros2_rs2_packages/chess_pi/build/chess_pi': CMAKE_PREFIX_PATH=${CMAKE_PREFIX_PATH}:/opt/ros/humble /usr/bin/cmake --install /home/cameron/ros2_ws/src/RaspberryPi-RS2/RS2/ros2_rs2_packages/chess_pi/build/chess_pi
[13.091s] Level 1:colcon.colcon_core.environment:create_environment_scripts_only(chess_pi)
[13.092s] DEBUG:colcon.colcon_core.event_handler.log_command:Invoked command in '/home/cameron/ros2_ws/src/RaspberryPi-RS2/RS2/ros2_rs2_packages/chess_pi/build/chess_pi' returned '0': CMAKE_PREFIX_PATH=${CMAKE_PREFIX_PATH}:/opt/ros/humble /usr/bin/cmake --install /home/cameron/ros2_ws/src/RaspberryPi-RS2/RS2/ros2_rs2_packages/chess_pi/build/chess_pi
[13.094s] Level 1:colcon.colcon_core.environment:checking '/home/cameron/ros2_ws/src/RaspberryPi-RS2/RS2/ros2_rs2_packages/chess_pi/install/chess_pi' for CMake module files
[13.095s] Level 1:colcon.colcon_core.environment:checking '/home/cameron/ros2_ws/src/RaspberryPi-RS2/RS2/ros2_rs2_packages/chess_pi/install/chess_pi' for CMake config files
[13.095s] Level 1:colcon.colcon_core.shell:create_environment_hook('chess_pi', 'cmake_prefix_path')
[13.095s] INFO:colcon.colcon_core.shell:Creating environment hook '/home/cameron/ros2_ws/src/RaspberryPi-RS2/RS2/ros2_rs2_packages/chess_pi/install/chess_pi/share/chess_pi/hook/cmake_prefix_path.ps1'
[13.096s] INFO:colcon.colcon_core.shell:Creating environment descriptor '/home/cameron/ros2_ws/src/RaspberryPi-RS2/RS2/ros2_rs2_packages/chess_pi/install/chess_pi/share/chess_pi/hook/cmake_prefix_path.dsv'
[13.096s] INFO:colcon.colcon_core.shell:Creating environment hook '/home/cameron/ros2_ws/src/RaspberryPi-RS2/RS2/ros2_rs2_packages/chess_pi/install/chess_pi/share/chess_pi/hook/cmake_prefix_path.sh'
[13.097s] Level 1:colcon.colcon_core.environment:checking '/home/cameron/ros2_ws/src/RaspberryPi-RS2/RS2/ros2_rs2_packages/chess_pi/install/chess_pi/lib'
[13.097s] Level 1:colcon.colcon_core.environment:checking '/home/cameron/ros2_ws/src/RaspberryPi-RS2/RS2/ros2_rs2_packages/chess_pi/install/chess_pi/bin'
[13.097s] Level 1:colcon.colcon_core.environment:checking '/home/cameron/ros2_ws/src/RaspberryPi-RS2/RS2/ros2_rs2_packages/chess_pi/install/chess_pi/lib/pkgconfig/chess_pi.pc'
[13.097s] Level 1:colcon.colcon_core.environment:checking '/home/cameron/ros2_ws/src/RaspberryPi-RS2/RS2/ros2_rs2_packages/chess_pi/install/chess_pi/lib/python3.10/site-packages'
[13.098s] Level 1:colcon.colcon_core.environment:checking '/home/cameron/ros2_ws/src/RaspberryPi-RS2/RS2/ros2_rs2_packages/chess_pi/install/chess_pi/bin'
[13.098s] INFO:colcon.colcon_core.shell:Creating package script '/home/cameron/ros2_ws/src/RaspberryPi-RS2/RS2/ros2_rs2_packages/chess_pi/install/chess_pi/share/chess_pi/package.ps1'
[13.099s] INFO:colcon.colcon_core.shell:Creating package descriptor '/home/cameron/ros2_ws/src/RaspberryPi-RS2/RS2/ros2_rs2_packages/chess_pi/install/chess_pi/share/chess_pi/package.dsv'
[13.099s] INFO:colcon.colcon_core.shell:Creating package script '/home/cameron/ros2_ws/src/RaspberryPi-RS2/RS2/ros2_rs2_packages/chess_pi/install/chess_pi/share/chess_pi/package.sh'
[13.100s] INFO:colcon.colcon_core.shell:Creating package script '/home/cameron/ros2_ws/src/RaspberryPi-RS2/RS2/ros2_rs2_packages/chess_pi/install/chess_pi/share/chess_pi/package.bash'
[13.100s] INFO:colcon.colcon_core.shell:Creating package script '/home/cameron/ros2_ws/src/RaspberryPi-RS2/RS2/ros2_rs2_packages/chess_pi/install/chess_pi/share/chess_pi/package.zsh'
[13.101s] Level 1:colcon.colcon_core.environment:create_file_with_runtime_dependencies(/home/cameron/ros2_ws/src/RaspberryPi-RS2/RS2/ros2_rs2_packages/chess_pi/install/chess_pi/share/colcon-core/packages/chess_pi)
[13.101s] Level 1:colcon.colcon_core.environment:create_environment_scripts_only(chess_pi)
[13.102s] Level 1:colcon.colcon_core.environment:checking '/home/cameron/ros2_ws/src/RaspberryPi-RS2/RS2/ros2_rs2_packages/chess_pi/install/chess_pi' for CMake module files
[13.102s] Level 1:colcon.colcon_core.environment:checking '/home/cameron/ros2_ws/src/RaspberryPi-RS2/RS2/ros2_rs2_packages/chess_pi/install/chess_pi' for CMake config files
[13.102s] Level 1:colcon.colcon_core.shell:create_environment_hook('chess_pi', 'cmake_prefix_path')
[13.102s] INFO:colcon.colcon_core.shell:Creating environment hook '/home/cameron/ros2_ws/src/RaspberryPi-RS2/RS2/ros2_rs2_packages/chess_pi/install/chess_pi/share/chess_pi/hook/cmake_prefix_path.ps1'
[13.103s] INFO:colcon.colcon_core.shell:Creating environment descriptor '/home/cameron/ros2_ws/src/RaspberryPi-RS2/RS2/ros2_rs2_packages/chess_pi/install/chess_pi/share/chess_pi/hook/cmake_prefix_path.dsv'
[13.103s] INFO:colcon.colcon_core.shell:Creating environment hook '/home/cameron/ros2_ws/src/RaspberryPi-RS2/RS2/ros2_rs2_packages/chess_pi/install/chess_pi/share/chess_pi/hook/cmake_prefix_path.sh'
[13.104s] Level 1:colcon.colcon_core.environment:checking '/home/cameron/ros2_ws/src/RaspberryPi-RS2/RS2/ros2_rs2_packages/chess_pi/install/chess_pi/lib'
[13.104s] Level 1:colcon.colcon_core.environment:checking '/home/cameron/ros2_ws/src/RaspberryPi-RS2/RS2/ros2_rs2_packages/chess_pi/install/chess_pi/bin'
[13.104s] Level 1:colcon.colcon_core.environment:checking '/home/cameron/ros2_ws/src/RaspberryPi-RS2/RS2/ros2_rs2_packages/chess_pi/install/chess_pi/lib/pkgconfig/chess_pi.pc'
[13.104s] Level 1:colcon.colcon_core.environment:checking '/home/cameron/ros2_ws/src/RaspberryPi-RS2/RS2/ros2_rs2_packages/chess_pi/install/chess_pi/lib/python3.10/site-packages'
[13.104s] Level 1:colcon.colcon_core.environment:checking '/home/cameron/ros2_ws/src/RaspberryPi-RS2/RS2/ros2_rs2_packages/chess_pi/install/chess_pi/bin'
[13.105s] INFO:colcon.colcon_core.shell:Creating package script '/home/cameron/ros2_ws/src/RaspberryPi-RS2/RS2/ros2_rs2_packages/chess_pi/install/chess_pi/share/chess_pi/package.ps1'
[13.105s] INFO:colcon.colcon_core.shell:Creating package descriptor '/home/cameron/ros2_ws/src/RaspberryPi-RS2/RS2/ros2_rs2_packages/chess_pi/install/chess_pi/share/chess_pi/package.dsv'
[13.106s] INFO:colcon.colcon_core.shell:Creating package script '/home/cameron/ros2_ws/src/RaspberryPi-RS2/RS2/ros2_rs2_packages/chess_pi/install/chess_pi/share/chess_pi/package.sh'
[13.106s] INFO:colcon.colcon_core.shell:Creating package script '/home/cameron/ros2_ws/src/RaspberryPi-RS2/RS2/ros2_rs2_packages/chess_pi/install/chess_pi/share/chess_pi/package.bash'
[13.106s] INFO:colcon.colcon_core.shell:Creating package script '/home/cameron/ros2_ws/src/RaspberryPi-RS2/RS2/ros2_rs2_packages/chess_pi/install/chess_pi/share/chess_pi/package.zsh'
[13.107s] Level 1:colcon.colcon_core.environment:create_file_with_runtime_dependencies(/home/cameron/ros2_ws/src/RaspberryPi-RS2/RS2/ros2_rs2_packages/chess_pi/install/chess_pi/share/colcon-core/packages/chess_pi)
[13.107s] DEBUG:colcon.colcon_parallel_executor.executor.parallel:closing loop
[13.107s] DEBUG:colcon.colcon_parallel_executor.executor.parallel:loop closed
[13.107s] DEBUG:colcon.colcon_parallel_executor.executor.parallel:run_until_complete finished with '0'
[13.107s] DEBUG:colcon.colcon_core.event_reactor:joining thread
[13.113s] INFO:colcon.colcon_core.plugin_system:Skipping extension 'colcon_notification.desktop_notification.terminal_notifier': Not used on non-Darwin systems
[13.113s] INFO:colcon.colcon_core.plugin_system:Skipping extension 'colcon_notification.desktop_notification.win32': Not used on non-Windows systems
[13.113s] INFO:colcon.colcon_notification.desktop_notification:Sending desktop notification using 'notify2'
[13.124s] DEBUG:colcon.colcon_core.event_reactor:joined thread
[13.125s] INFO:colcon.colcon_core.shell:Creating prefix script '/home/cameron/ros2_ws/src/RaspberryPi-RS2/RS2/ros2_rs2_packages/chess_pi/install/local_setup.ps1'
[13.125s] INFO:colcon.colcon_core.shell:Creating prefix util module '/home/cameron/ros2_ws/src/RaspberryPi-RS2/RS2/ros2_rs2_packages/chess_pi/install/_local_setup_util_ps1.py'
[13.127s] INFO:colcon.colcon_core.shell:Creating prefix chain script '/home/cameron/ros2_ws/src/RaspberryPi-RS2/RS2/ros2_rs2_packages/chess_pi/install/setup.ps1'
[13.128s] INFO:colcon.colcon_core.shell:Creating prefix script '/home/cameron/ros2_ws/src/RaspberryPi-RS2/RS2/ros2_rs2_packages/chess_pi/install/local_setup.sh'
[13.128s] INFO:colcon.colcon_core.shell:Creating prefix util module '/home/cameron/ros2_ws/src/RaspberryPi-RS2/RS2/ros2_rs2_packages/chess_pi/install/_local_setup_util_sh.py'
[13.128s] INFO:colcon.colcon_core.shell:Creating prefix chain script '/home/cameron/ros2_ws/src/RaspberryPi-RS2/RS2/ros2_rs2_packages/chess_pi/install/setup.sh'
[13.129s] INFO:colcon.colcon_core.shell:Creating prefix script '/home/cameron/ros2_ws/src/RaspberryPi-RS2/RS2/ros2_rs2_packages/chess_pi/install/local_setup.bash'
[13.130s] INFO:colcon.colcon_core.shell:Creating prefix chain script '/home/cameron/ros2_ws/src/RaspberryPi-RS2/RS2/ros2_rs2_packages/chess_pi/install/setup.bash'
[13.130s] INFO:colcon.colcon_core.shell:Creating prefix script '/home/cameron/ros2_ws/src/RaspberryPi-RS2/RS2/ros2_rs2_packages/chess_pi/install/local_setup.zsh'
[13.131s] INFO:colcon.colcon_core.shell:Creating prefix chain script '/home/cameron/ros2_ws/src/RaspberryPi-RS2/RS2/ros2_rs2_packages/chess_pi/install/setup.zsh'
