[35m[1mConsolidate compiler generated dependencies of target chess_node[0m
[  0%] Built target ament_cmake_python_copy_chess_pi
[ 50%] [32mBuilding CXX object CMakeFiles/chess_node.dir/src/chessboard.cpp.o[0m
running egg_info
writing chess_pi.egg-info/PKG-INFO
writing dependency_links to chess_pi.egg-info/dependency_links.txt
writing top-level names to chess_pi.egg-info/top_level.txt
reading manifest file 'chess_pi.egg-info/SOURCES.txt'
writing manifest file 'chess_pi.egg-info/SOURCES.txt'
[ 50%] Built target ament_cmake_python_build_chess_pi_egg
[100%] [32m[1mLinking CXX executable chess_node[0m
[100%] Built target chess_node
-- Install configuration: ""
-- Installing: /home/cameron/ros2_ws/src/RaspberryPi-RS2/RS2/ros2_rs2_packages/chess_pi/install/chess_pi/lib/chess_pi/chess_node
-- Set runtime path of "/home/cameron/ros2_ws/src/RaspberryPi-RS2/RS2/ros2_rs2_packages/chess_pi/install/chess_pi/lib/chess_pi/chess_node" to ""
-- Up-to-date: /home/cameron/ros2_ws/src/RaspberryPi-RS2/RS2/ros2_rs2_packages/chess_pi/install/chess_pi/share/chess_pi/launch
-- Up-to-date: /home/cameron/ros2_ws/src/RaspberryPi-RS2/RS2/ros2_rs2_packages/chess_pi/install/chess_pi/share/chess_pi/launch/moveL.launch.py
-- Up-to-date: /home/cameron/ros2_ws/src/RaspberryPi-RS2/RS2/ros2_rs2_packages/chess_pi/install/chess_pi/share/chess_pi/launch/__pycache__
-- Up-to-date: /home/cameron/ros2_ws/src/RaspberryPi-RS2/RS2/ros2_rs2_packages/chess_pi/install/chess_pi/share/chess_pi/launch/__pycache__/moveL.launch.cpython-310.pyc
-- Up-to-date: /home/cameron/ros2_ws/src/RaspberryPi-RS2/RS2/ros2_rs2_packages/chess_pi/install/chess_pi/share/chess_pi/images
-- Up-to-date: /home/cameron/ros2_ws/src/RaspberryPi-RS2/RS2/ros2_rs2_packages/chess_pi/install/chess_pi/share/chess_pi/images/pieces.png
-- Up-to-date: /home/cameron/ros2_ws/src/RaspberryPi-RS2/RS2/ros2_rs2_packages/chess_pi/install/chess_pi/share/chess_pi/config
-- Up-to-date: /home/cameron/ros2_ws/src/RaspberryPi-RS2/RS2/ros2_rs2_packages/chess_pi/install/chess_pi/share/chess_pi/config/controllers.yaml
-- Up-to-date: /home/cameron/ros2_ws/src/RaspberryPi-RS2/RS2/ros2_rs2_packages/chess_pi/install/chess_pi/share/chess_pi/config/kinematics.yaml
-- Up-to-date: /home/cameron/ros2_ws/src/RaspberryPi-RS2/RS2/ros2_rs2_packages/chess_pi/install/chess_pi/lib/chess_pi/servo_control_node.py
-- Up-to-date: /home/cameron/ros2_ws/src/RaspberryPi-RS2/RS2/ros2_rs2_packages/chess_pi/install/chess_pi/share/chess_pi/environment/pythonpath.sh
-- Up-to-date: /home/cameron/ros2_ws/src/RaspberryPi-RS2/RS2/ros2_rs2_packages/chess_pi/install/chess_pi/share/chess_pi/environment/pythonpath.dsv
-- Up-to-date: /home/cameron/ros2_ws/src/RaspberryPi-RS2/RS2/ros2_rs2_packages/chess_pi/install/chess_pi/local/lib/python3.10/dist-packages/chess_pi-0.0.0-py3.10.egg-info
-- Installing: /home/cameron/ros2_ws/src/RaspberryPi-RS2/RS2/ros2_rs2_packages/chess_pi/install/chess_pi/local/lib/python3.10/dist-packages/chess_pi-0.0.0-py3.10.egg-info/PKG-INFO
-- Installing: /home/cameron/ros2_ws/src/RaspberryPi-RS2/RS2/ros2_rs2_packages/chess_pi/install/chess_pi/local/lib/python3.10/dist-packages/chess_pi-0.0.0-py3.10.egg-info/SOURCES.txt
-- Installing: /home/cameron/ros2_ws/src/RaspberryPi-RS2/RS2/ros2_rs2_packages/chess_pi/install/chess_pi/local/lib/python3.10/dist-packages/chess_pi-0.0.0-py3.10.egg-info/top_level.txt
-- Installing: /home/cameron/ros2_ws/src/RaspberryPi-RS2/RS2/ros2_rs2_packages/chess_pi/install/chess_pi/local/lib/python3.10/dist-packages/chess_pi-0.0.0-py3.10.egg-info/dependency_links.txt
-- Up-to-date: /home/cameron/ros2_ws/src/RaspberryPi-RS2/RS2/ros2_rs2_packages/chess_pi/install/chess_pi/local/lib/python3.10/dist-packages/chess_pi
-- Up-to-date: /home/cameron/ros2_ws/src/RaspberryPi-RS2/RS2/ros2_rs2_packages/chess_pi/install/chess_pi/local/lib/python3.10/dist-packages/chess_pi/__init__.py
Listing '/home/cameron/ros2_ws/src/RaspberryPi-RS2/RS2/ros2_rs2_packages/chess_pi/install/chess_pi/local/lib/python3.10/dist-packages/chess_pi'...
-- Up-to-date: /home/cameron/ros2_ws/src/RaspberryPi-RS2/RS2/ros2_rs2_packages/chess_pi/install/chess_pi/share/ament_index/resource_index/package_run_dependencies/chess_pi
-- Up-to-date: /home/cameron/ros2_ws/src/RaspberryPi-RS2/RS2/ros2_rs2_packages/chess_pi/install/chess_pi/share/ament_index/resource_index/parent_prefix_path/chess_pi
-- Up-to-date: /home/cameron/ros2_ws/src/RaspberryPi-RS2/RS2/ros2_rs2_packages/chess_pi/install/chess_pi/share/chess_pi/environment/ament_prefix_path.sh
-- Up-to-date: /home/cameron/ros2_ws/src/RaspberryPi-RS2/RS2/ros2_rs2_packages/chess_pi/install/chess_pi/share/chess_pi/environment/ament_prefix_path.dsv
-- Up-to-date: /home/cameron/ros2_ws/src/RaspberryPi-RS2/RS2/ros2_rs2_packages/chess_pi/install/chess_pi/share/chess_pi/environment/path.sh
-- Up-to-date: /home/cameron/ros2_ws/src/RaspberryPi-RS2/RS2/ros2_rs2_packages/chess_pi/install/chess_pi/share/chess_pi/environment/path.dsv
-- Up-to-date: /home/cameron/ros2_ws/src/RaspberryPi-RS2/RS2/ros2_rs2_packages/chess_pi/install/chess_pi/share/chess_pi/local_setup.bash
-- Up-to-date: /home/cameron/ros2_ws/src/RaspberryPi-RS2/RS2/ros2_rs2_packages/chess_pi/install/chess_pi/share/chess_pi/local_setup.sh
-- Up-to-date: /home/cameron/ros2_ws/src/RaspberryPi-RS2/RS2/ros2_rs2_packages/chess_pi/install/chess_pi/share/chess_pi/local_setup.zsh
-- Up-to-date: /home/cameron/ros2_ws/src/RaspberryPi-RS2/RS2/ros2_rs2_packages/chess_pi/install/chess_pi/share/chess_pi/local_setup.dsv
-- Installing: /home/cameron/ros2_ws/src/RaspberryPi-RS2/RS2/ros2_rs2_packages/chess_pi/install/chess_pi/share/chess_pi/package.dsv
-- Up-to-date: /home/cameron/ros2_ws/src/RaspberryPi-RS2/RS2/ros2_rs2_packages/chess_pi/install/chess_pi/share/ament_index/resource_index/packages/chess_pi
-- Up-to-date: /home/cameron/ros2_ws/src/RaspberryPi-RS2/RS2/ros2_rs2_packages/chess_pi/install/chess_pi/share/chess_pi/cmake/chess_piConfig.cmake
-- Up-to-date: /home/cameron/ros2_ws/src/RaspberryPi-RS2/RS2/ros2_rs2_packages/chess_pi/install/chess_pi/share/chess_pi/cmake/chess_piConfig-version.cmake
-- Up-to-date: /home/cameron/ros2_ws/src/RaspberryPi-RS2/RS2/ros2_rs2_packages/chess_pi/install/chess_pi/share/chess_pi/package.xml
