[0.083s] DEBUG:colcon:Command line arguments: ['/usr/bin/colcon', 'build']
[0.083s] DEBUG:colcon:Parsed command line arguments: Namespace(log_base=None, log_level=None, verb_name='build', build_base='build', install_base='install', merge_install=False, symlink_install=False, test_result_base=None, continue_on_error=False, executor='parallel', parallel_workers=16, event_handlers=None, ignore_user_meta=False, metas=['./colcon.meta'], base_paths=['.'], packages_ignore=None, packages_ignore_regex=None, paths=None, packages_up_to=None, packages_up_to_regex=None, packages_above=None, packages_above_and_dependencies=None, packages_above_depth=None, packages_select_by_dep=None, packages_skip_by_dep=None, packages_skip_up_to=None, packages_select_build_failed=False, packages_skip_build_finished=False, packages_select_test_failures=False, packages_skip_test_passed=False, packages_select=None, packages_skip=None, packages_select_regex=None, packages_skip_regex=None, packages_start=None, packages_end=None, allow_overriding=[], cmake_args=None, cmake_target=None, cmake_target_skip_unavailable=False, cmake_clean_cache=False, cmake_clean_first=False, cmake_force_configure=False, ament_cmake_args=None, catkin_cmake_args=None, catkin_skip_building_tests=False, mixin_files=None, mixin=None, verb_parser=<colcon_mixin.mixin.mixin_argument.MixinArgumentDecorator object at 0x70f55f9063b0>, verb_extension=<colcon_core.verb.build.BuildVerb object at 0x70f55fadfb20>, main=<bound method BuildVerb.main of <colcon_core.verb.build.BuildVerb object at 0x70f55fadfb20>>, mixin_verb=('build',))
[0.204s] Level 1:colcon.colcon_core.package_discovery:discover_packages(colcon_meta) check parameters
[0.204s] Level 1:colcon.colcon_core.package_discovery:discover_packages(recursive) check parameters
[0.204s] Level 1:colcon.colcon_core.package_discovery:discover_packages(ignore) check parameters
[0.204s] Level 1:colcon.colcon_core.package_discovery:discover_packages(path) check parameters
[0.204s] Level 1:colcon.colcon_core.package_discovery:discover_packages(colcon_meta) discover
[0.205s] Level 1:colcon.colcon_core.package_discovery:discover_packages(recursive) discover
[0.205s] INFO:colcon.colcon_core.package_discovery:Crawling recursively for packages in '/home/cameron/ros2_ws/src/RS2'
[0.205s] Level 1:colcon.colcon_core.package_identification:_identify(.) by extensions ['ignore', 'ignore_ament_install']
[0.205s] Level 1:colcon.colcon_core.package_identification:_identify(.) by extension 'ignore'
[0.205s] Level 1:colcon.colcon_core.package_identification:_identify(.) by extension 'ignore_ament_install'
[0.205s] Level 1:colcon.colcon_core.package_identification:_identify(.) by extensions ['colcon_pkg']
[0.205s] Level 1:colcon.colcon_core.package_identification:_identify(.) by extension 'colcon_pkg'
[0.205s] Level 1:colcon.colcon_core.package_identification:_identify(.) by extensions ['colcon_meta']
[0.205s] Level 1:colcon.colcon_core.package_identification:_identify(.) by extension 'colcon_meta'
[0.205s] Level 1:colcon.colcon_core.package_identification:_identify(.) by extensions ['ros']
[0.205s] Level 1:colcon.colcon_core.package_identification:_identify(.) by extension 'ros'
[0.221s] Level 1:colcon.colcon_core.package_identification:_identify(.) by extensions ['cmake', 'python']
[0.221s] Level 1:colcon.colcon_core.package_identification:_identify(.) by extension 'cmake'
[0.221s] Level 1:colcon.colcon_core.package_identification:_identify(.) by extension 'python'
[0.221s] Level 1:colcon.colcon_core.package_identification:_identify(.) by extensions ['python_setup_py']
[0.221s] Level 1:colcon.colcon_core.package_identification:_identify(.) by extension 'python_setup_py'
[0.221s] Level 1:colcon.colcon_core.package_identification:_identify(GUI) by extensions ['ignore', 'ignore_ament_install']
[0.221s] Level 1:colcon.colcon_core.package_identification:_identify(GUI) by extension 'ignore'
[0.221s] Level 1:colcon.colcon_core.package_identification:_identify(GUI) by extension 'ignore_ament_install'
[0.221s] Level 1:colcon.colcon_core.package_identification:_identify(GUI) by extensions ['colcon_pkg']
[0.221s] Level 1:colcon.colcon_core.package_identification:_identify(GUI) by extension 'colcon_pkg'
[0.221s] Level 1:colcon.colcon_core.package_identification:_identify(GUI) by extensions ['colcon_meta']
[0.221s] Level 1:colcon.colcon_core.package_identification:_identify(GUI) by extension 'colcon_meta'
[0.221s] Level 1:colcon.colcon_core.package_identification:_identify(GUI) by extensions ['ros']
[0.221s] Level 1:colcon.colcon_core.package_identification:_identify(GUI) by extension 'ros'
[0.221s] Level 1:colcon.colcon_core.package_identification:_identify(GUI) by extensions ['cmake', 'python']
[0.221s] Level 1:colcon.colcon_core.package_identification:_identify(GUI) by extension 'cmake'
[0.221s] Level 1:colcon.colcon_core.package_identification:_identify(GUI) by extension 'python'
[0.221s] Level 1:colcon.colcon_core.package_identification:_identify(GUI) by extensions ['python_setup_py']
[0.221s] Level 1:colcon.colcon_core.package_identification:_identify(GUI) by extension 'python_setup_py'
[0.221s] Level 1:colcon.colcon_core.package_identification:_identify(build) by extensions ['ignore', 'ignore_ament_install']
[0.221s] Level 1:colcon.colcon_core.package_identification:_identify(build) by extension 'ignore'
[0.221s] Level 1:colcon.colcon_core.package_identification:_identify(build) ignored
[0.222s] Level 1:colcon.colcon_core.package_identification:_identify(install) by extensions ['ignore', 'ignore_ament_install']
[0.222s] Level 1:colcon.colcon_core.package_identification:_identify(install) by extension 'ignore'
[0.222s] Level 1:colcon.colcon_core.package_identification:_identify(install) ignored
[0.222s] Level 1:colcon.colcon_core.package_identification:_identify(log) by extensions ['ignore', 'ignore_ament_install']
[0.222s] Level 1:colcon.colcon_core.package_identification:_identify(log) by extension 'ignore'
[0.222s] Level 1:colcon.colcon_core.package_identification:_identify(log) ignored
[0.222s] Level 1:colcon.colcon_core.package_identification:_identify(ros2_rs2_packages) by extensions ['ignore', 'ignore_ament_install']
[0.222s] Level 1:colcon.colcon_core.package_identification:_identify(ros2_rs2_packages) by extension 'ignore'
[0.222s] Level 1:colcon.colcon_core.package_identification:_identify(ros2_rs2_packages) by extension 'ignore_ament_install'
[0.222s] Level 1:colcon.colcon_core.package_identification:_identify(ros2_rs2_packages) by extensions ['colcon_pkg']
[0.222s] Level 1:colcon.colcon_core.package_identification:_identify(ros2_rs2_packages) by extension 'colcon_pkg'
[0.222s] Level 1:colcon.colcon_core.package_identification:_identify(ros2_rs2_packages) by extensions ['colcon_meta']
[0.222s] Level 1:colcon.colcon_core.package_identification:_identify(ros2_rs2_packages) by extension 'colcon_meta'
[0.222s] Level 1:colcon.colcon_core.package_identification:_identify(ros2_rs2_packages) by extensions ['ros']
[0.222s] Level 1:colcon.colcon_core.package_identification:_identify(ros2_rs2_packages) by extension 'ros'
[0.222s] Level 1:colcon.colcon_core.package_identification:_identify(ros2_rs2_packages) by extensions ['cmake', 'python']
[0.222s] Level 1:colcon.colcon_core.package_identification:_identify(ros2_rs2_packages) by extension 'cmake'
[0.222s] Level 1:colcon.colcon_core.package_identification:_identify(ros2_rs2_packages) by extension 'python'
[0.222s] Level 1:colcon.colcon_core.package_identification:_identify(ros2_rs2_packages) by extensions ['python_setup_py']
[0.222s] Level 1:colcon.colcon_core.package_identification:_identify(ros2_rs2_packages) by extension 'python_setup_py'
[0.222s] Level 1:colcon.colcon_core.package_identification:_identify(ros2_rs2_packages/ur3_test_control) by extensions ['ignore', 'ignore_ament_install']
[0.222s] Level 1:colcon.colcon_core.package_identification:_identify(ros2_rs2_packages/ur3_test_control) by extension 'ignore'
[0.222s] Level 1:colcon.colcon_core.package_identification:_identify(ros2_rs2_packages/ur3_test_control) by extension 'ignore_ament_install'
[0.222s] Level 1:colcon.colcon_core.package_identification:_identify(ros2_rs2_packages/ur3_test_control) by extensions ['colcon_pkg']
[0.222s] Level 1:colcon.colcon_core.package_identification:_identify(ros2_rs2_packages/ur3_test_control) by extension 'colcon_pkg'
[0.222s] Level 1:colcon.colcon_core.package_identification:_identify(ros2_rs2_packages/ur3_test_control) by extensions ['colcon_meta']
[0.222s] Level 1:colcon.colcon_core.package_identification:_identify(ros2_rs2_packages/ur3_test_control) by extension 'colcon_meta'
[0.222s] Level 1:colcon.colcon_core.package_identification:_identify(ros2_rs2_packages/ur3_test_control) by extensions ['ros']
[0.222s] Level 1:colcon.colcon_core.package_identification:_identify(ros2_rs2_packages/ur3_test_control) by extension 'ros'
[0.225s] DEBUG:colcon.colcon_core.package_identification:Package 'ros2_rs2_packages/ur3_test_control' with type 'ros.ament_cmake' and name 'ur3_test_control'
[0.225s] Level 1:colcon.colcon_core.package_discovery:discover_packages(recursive) using defaults
[0.225s] Level 1:colcon.colcon_core.package_discovery:discover_packages(ignore) discover
[0.225s] Level 1:colcon.colcon_core.package_discovery:discover_packages(ignore) using defaults
[0.225s] Level 1:colcon.colcon_core.package_discovery:discover_packages(path) discover
[0.225s] Level 1:colcon.colcon_core.package_discovery:discover_packages(path) using defaults
[0.240s] Level 1:colcon.colcon_core.package_discovery:discover_packages(prefix_path) check parameters
[0.240s] Level 1:colcon.colcon_core.package_discovery:discover_packages(prefix_path) discover
[0.241s] DEBUG:colcon.colcon_installed_package_information.package_discovery:Found 380 installed packages in /opt/ros/humble
[0.243s] Level 1:colcon.colcon_core.package_discovery:discover_packages(prefix_path) using defaults
[0.274s] Level 5:colcon.colcon_core.verb:set package 'ur3_test_control' build argument 'cmake_args' from command line to 'None'
[0.274s] Level 5:colcon.colcon_core.verb:set package 'ur3_test_control' build argument 'cmake_target' from command line to 'None'
[0.274s] Level 5:colcon.colcon_core.verb:set package 'ur3_test_control' build argument 'cmake_target_skip_unavailable' from command line to 'False'
[0.274s] Level 5:colcon.colcon_core.verb:set package 'ur3_test_control' build argument 'cmake_clean_cache' from command line to 'False'
[0.274s] Level 5:colcon.colcon_core.verb:set package 'ur3_test_control' build argument 'cmake_clean_first' from command line to 'False'
[0.274s] Level 5:colcon.colcon_core.verb:set package 'ur3_test_control' build argument 'cmake_force_configure' from command line to 'False'
[0.274s] Level 5:colcon.colcon_core.verb:set package 'ur3_test_control' build argument 'ament_cmake_args' from command line to 'None'
[0.274s] Level 5:colcon.colcon_core.verb:set package 'ur3_test_control' build argument 'catkin_cmake_args' from command line to 'None'
[0.274s] Level 5:colcon.colcon_core.verb:set package 'ur3_test_control' build argument 'catkin_skip_building_tests' from command line to 'False'
[0.274s] DEBUG:colcon.colcon_core.verb:Building package 'ur3_test_control' with the following arguments: {'ament_cmake_args': None, 'build_base': '/home/cameron/ros2_ws/src/RS2/build/ur3_test_control', 'catkin_cmake_args': None, 'catkin_skip_building_tests': False, 'cmake_args': None, 'cmake_clean_cache': False, 'cmake_clean_first': False, 'cmake_force_configure': False, 'cmake_target': None, 'cmake_target_skip_unavailable': False, 'install_base': '/home/cameron/ros2_ws/src/RS2/install/ur3_test_control', 'merge_install': False, 'path': '/home/cameron/ros2_ws/src/RS2/ros2_rs2_packages/ur3_test_control', 'symlink_install': False, 'test_result_base': None}
[0.274s] INFO:colcon.colcon_core.executor:Executing jobs using 'parallel' executor
[0.275s] DEBUG:colcon.colcon_parallel_executor.executor.parallel:run_until_complete
[0.275s] INFO:colcon.colcon_ros.task.ament_cmake.build:Building ROS package in '/home/cameron/ros2_ws/src/RS2/ros2_rs2_packages/ur3_test_control' with build type 'ament_cmake'
[0.275s] INFO:colcon.colcon_cmake.task.cmake.build:Building CMake package in '/home/cameron/ros2_ws/src/RS2/ros2_rs2_packages/ur3_test_control'
[0.277s] INFO:colcon.colcon_core.plugin_system:Skipping extension 'colcon_core.shell.bat': Not used on non-Windows systems
[0.277s] INFO:colcon.colcon_core.shell:Skip shell extension 'powershell' for command environment: Not usable outside of PowerShell
[0.277s] DEBUG:colcon.colcon_core.shell:Skip shell extension 'dsv' for command environment
[0.284s] DEBUG:colcon.colcon_core.event_handler.log_command:Invoking command in '/home/cameron/ros2_ws/src/RS2/build/ur3_test_control': CMAKE_PREFIX_PATH=/opt/ros/humble /usr/bin/cmake /home/cameron/ros2_ws/src/RS2/ros2_rs2_packages/ur3_test_control -DCMAKE_INSTALL_PREFIX=/home/cameron/ros2_ws/src/RS2/install/ur3_test_control
[1.897s] DEBUG:colcon.colcon_core.event_handler.log_command:Invoked command in '/home/cameron/ros2_ws/src/RS2/build/ur3_test_control' returned '0': CMAKE_PREFIX_PATH=/opt/ros/humble /usr/bin/cmake /home/cameron/ros2_ws/src/RS2/ros2_rs2_packages/ur3_test_control -DCMAKE_INSTALL_PREFIX=/home/cameron/ros2_ws/src/RS2/install/ur3_test_control
[1.897s] DEBUG:colcon.colcon_core.event_handler.log_command:Invoking command in '/home/cameron/ros2_ws/src/RS2/build/ur3_test_control': CMAKE_PREFIX_PATH=/opt/ros/humble /usr/bin/cmake --build /home/cameron/ros2_ws/src/RS2/build/ur3_test_control -- -j16 -l16
[8.854s] DEBUG:colcon.colcon_core.event_handler.log_command:Invoked command in '/home/cameron/ros2_ws/src/RS2/build/ur3_test_control' returned '0': CMAKE_PREFIX_PATH=/opt/ros/humble /usr/bin/cmake --build /home/cameron/ros2_ws/src/RS2/build/ur3_test_control -- -j16 -l16
[8.861s] DEBUG:colcon.colcon_core.event_handler.log_command:Invoking command in '/home/cameron/ros2_ws/src/RS2/build/ur3_test_control': CMAKE_PREFIX_PATH=/opt/ros/humble /usr/bin/cmake --install /home/cameron/ros2_ws/src/RS2/build/ur3_test_control
[8.871s] DEBUG:colcon.colcon_core.event_handler.log_command:Invoked command in '/home/cameron/ros2_ws/src/RS2/build/ur3_test_control' returned '1': CMAKE_PREFIX_PATH=/opt/ros/humble /usr/bin/cmake --install /home/cameron/ros2_ws/src/RS2/build/ur3_test_control
[8.871s] Level 1:colcon.colcon_core.environment:create_environment_scripts_only(ur3_test_control)
[8.873s] Level 1:colcon.colcon_core.environment:checking '/home/cameron/ros2_ws/src/RS2/install/ur3_test_control' for CMake module files
[8.873s] Level 1:colcon.colcon_core.environment:checking '/home/cameron/ros2_ws/src/RS2/install/ur3_test_control' for CMake config files
[8.874s] Level 1:colcon.colcon_core.environment:checking '/home/cameron/ros2_ws/src/RS2/install/ur3_test_control/lib'
[8.874s] Level 1:colcon.colcon_core.environment:checking '/home/cameron/ros2_ws/src/RS2/install/ur3_test_control/bin'
[8.874s] Level 1:colcon.colcon_core.environment:checking '/home/cameron/ros2_ws/src/RS2/install/ur3_test_control/lib/pkgconfig/ur3_test_control.pc'
[8.874s] Level 1:colcon.colcon_core.environment:checking '/home/cameron/ros2_ws/src/RS2/install/ur3_test_control/lib/python3.10/site-packages'
[8.874s] Level 1:colcon.colcon_core.environment:checking '/home/cameron/ros2_ws/src/RS2/install/ur3_test_control/bin'
[8.874s] INFO:colcon.colcon_core.shell:Creating package script '/home/cameron/ros2_ws/src/RS2/install/ur3_test_control/share/ur3_test_control/package.ps1'
[8.875s] INFO:colcon.colcon_core.shell:Creating package descriptor '/home/cameron/ros2_ws/src/RS2/install/ur3_test_control/share/ur3_test_control/package.dsv'
[8.875s] INFO:colcon.colcon_core.shell:Creating package script '/home/cameron/ros2_ws/src/RS2/install/ur3_test_control/share/ur3_test_control/package.sh'
[8.876s] INFO:colcon.colcon_core.shell:Creating package script '/home/cameron/ros2_ws/src/RS2/install/ur3_test_control/share/ur3_test_control/package.bash'
[8.876s] INFO:colcon.colcon_core.shell:Creating package script '/home/cameron/ros2_ws/src/RS2/install/ur3_test_control/share/ur3_test_control/package.zsh'
[8.876s] Level 1:colcon.colcon_core.environment:create_file_with_runtime_dependencies(/home/cameron/ros2_ws/src/RS2/install/ur3_test_control/share/colcon-core/packages/ur3_test_control)
[8.887s] DEBUG:colcon.colcon_parallel_executor.executor.parallel:closing loop
[8.887s] DEBUG:colcon.colcon_parallel_executor.executor.parallel:loop closed
[8.887s] DEBUG:colcon.colcon_parallel_executor.executor.parallel:run_until_complete finished with '1'
[8.887s] DEBUG:colcon.colcon_core.event_reactor:joining thread
[8.891s] INFO:colcon.colcon_core.plugin_system:Skipping extension 'colcon_notification.desktop_notification.terminal_notifier': Not used on non-Darwin systems
[8.891s] INFO:colcon.colcon_core.plugin_system:Skipping extension 'colcon_notification.desktop_notification.win32': Not used on non-Windows systems
[8.891s] INFO:colcon.colcon_notification.desktop_notification:Sending desktop notification using 'notify2'
[8.900s] DEBUG:colcon.colcon_core.event_reactor:joined thread
[8.901s] INFO:colcon.colcon_core.shell:Creating prefix script '/home/cameron/ros2_ws/src/RS2/install/local_setup.ps1'
[8.901s] INFO:colcon.colcon_core.shell:Creating prefix util module '/home/cameron/ros2_ws/src/RS2/install/_local_setup_util_ps1.py'
[8.902s] INFO:colcon.colcon_core.shell:Creating prefix chain script '/home/cameron/ros2_ws/src/RS2/install/setup.ps1'
[8.903s] INFO:colcon.colcon_core.shell:Creating prefix script '/home/cameron/ros2_ws/src/RS2/install/local_setup.sh'
[8.903s] INFO:colcon.colcon_core.shell:Creating prefix util module '/home/cameron/ros2_ws/src/RS2/install/_local_setup_util_sh.py'
[8.903s] INFO:colcon.colcon_core.shell:Creating prefix chain script '/home/cameron/ros2_ws/src/RS2/install/setup.sh'
[8.904s] INFO:colcon.colcon_core.shell:Creating prefix script '/home/cameron/ros2_ws/src/RS2/install/local_setup.bash'
[8.904s] INFO:colcon.colcon_core.shell:Creating prefix chain script '/home/cameron/ros2_ws/src/RS2/install/setup.bash'
[8.905s] INFO:colcon.colcon_core.shell:Creating prefix script '/home/cameron/ros2_ws/src/RS2/install/local_setup.zsh'
[8.905s] INFO:colcon.colcon_core.shell:Creating prefix chain script '/home/cameron/ros2_ws/src/RS2/install/setup.zsh'
