[0.089s] DEBUG:colcon:Command line arguments: ['/usr/bin/colcon', 'build', '--packages-select', 'chess_pi']
[0.089s] DEBUG:colcon:Parsed command line arguments: Namespace(log_base=None, log_level=None, verb_name='build', build_base='build', install_base='install', merge_install=False, symlink_install=False, test_result_base=None, continue_on_error=False, executor='parallel', parallel_workers=16, event_handlers=None, ignore_user_meta=False, metas=['./colcon.meta'], base_paths=['.'], packages_ignore=None, packages_ignore_regex=None, paths=None, packages_up_to=None, packages_up_to_regex=None, packages_above=None, packages_above_and_dependencies=None, packages_above_depth=None, packages_select_by_dep=None, packages_skip_by_dep=None, packages_skip_up_to=None, packages_select_build_failed=False, packages_skip_build_finished=False, packages_select_test_failures=False, packages_skip_test_passed=False, packages_select=['chess_pi'], packages_skip=None, packages_select_regex=None, packages_skip_regex=None, packages_start=None, packages_end=None, allow_overriding=[], cmake_args=None, cmake_target=None, cmake_target_skip_unavailable=False, cmake_clean_cache=False, cmake_clean_first=False, cmake_force_configure=False, ament_cmake_args=None, catkin_cmake_args=None, catkin_skip_building_tests=False, mixin_files=None, mixin=None, verb_parser=<colcon_mixin.mixin.mixin_argument.MixinArgumentDecorator object at 0x77cd111638b0>, verb_extension=<colcon_core.verb.build.BuildVerb object at 0x77cd11115a20>, main=<bound method BuildVerb.main of <colcon_core.verb.build.BuildVerb object at 0x77cd11115a20>>, mixin_verb=('build',))
[0.213s] Level 1:colcon.colcon_core.package_discovery:discover_packages(colcon_meta) check parameters
[0.213s] Level 1:colcon.colcon_core.package_discovery:discover_packages(recursive) check parameters
[0.213s] Level 1:colcon.colcon_core.package_discovery:discover_packages(ignore) check parameters
[0.213s] Level 1:colcon.colcon_core.package_discovery:discover_packages(path) check parameters
[0.213s] Level 1:colcon.colcon_core.package_discovery:discover_packages(colcon_meta) discover
[0.213s] Level 1:colcon.colcon_core.package_discovery:discover_packages(recursive) discover
[0.213s] INFO:colcon.colcon_core.package_discovery:Crawling recursively for packages in '/home/cameron/ros2_ws/src/RaspberryPi-RS2/RS2/ros2_rs2_packages/chess_pi'
[0.213s] Level 1:colcon.colcon_core.package_identification:_identify(.) by extensions ['ignore', 'ignore_ament_install']
[0.213s] Level 1:colcon.colcon_core.package_identification:_identify(.) by extension 'ignore'
[0.213s] Level 1:colcon.colcon_core.package_identification:_identify(.) by extension 'ignore_ament_install'
[0.213s] Level 1:colcon.colcon_core.package_identification:_identify(.) by extensions ['colcon_pkg']
[0.213s] Level 1:colcon.colcon_core.package_identification:_identify(.) by extension 'colcon_pkg'
[0.213s] Level 1:colcon.colcon_core.package_identification:_identify(.) by extensions ['colcon_meta']
[0.213s] Level 1:colcon.colcon_core.package_identification:_identify(.) by extension 'colcon_meta'
[0.213s] Level 1:colcon.colcon_core.package_identification:_identify(.) by extensions ['ros']
[0.213s] Level 1:colcon.colcon_core.package_identification:_identify(.) by extension 'ros'
[0.231s] DEBUG:colcon.colcon_core.package_identification:Package '.' with type 'ros.ament_cmake' and name 'chess_pi'
[0.231s] Level 1:colcon.colcon_core.package_discovery:discover_packages(recursive) using defaults
[0.231s] Level 1:colcon.colcon_core.package_discovery:discover_packages(ignore) discover
[0.231s] Level 1:colcon.colcon_core.package_discovery:discover_packages(ignore) using defaults
[0.231s] Level 1:colcon.colcon_core.package_discovery:discover_packages(path) discover
[0.231s] Level 1:colcon.colcon_core.package_discovery:discover_packages(path) using defaults
[0.245s] Level 1:colcon.colcon_core.package_discovery:discover_packages(prefix_path) check parameters
[0.245s] Level 1:colcon.colcon_core.package_discovery:discover_packages(prefix_path) discover
[0.246s] DEBUG:colcon.colcon_installed_package_information.package_discovery:Found 3 installed packages in /home/cameron/ros2_ws/install
[0.247s] DEBUG:colcon.colcon_installed_package_information.package_discovery:Found 389 installed packages in /opt/ros/humble
[0.249s] Level 1:colcon.colcon_core.package_discovery:discover_packages(prefix_path) using defaults
[0.276s] Level 5:colcon.colcon_core.verb:set package 'chess_pi' build argument 'cmake_args' from command line to 'None'
[0.277s] Level 5:colcon.colcon_core.verb:set package 'chess_pi' build argument 'cmake_target' from command line to 'None'
[0.277s] Level 5:colcon.colcon_core.verb:set package 'chess_pi' build argument 'cmake_target_skip_unavailable' from command line to 'False'
[0.277s] Level 5:colcon.colcon_core.verb:set package 'chess_pi' build argument 'cmake_clean_cache' from command line to 'False'
[0.277s] Level 5:colcon.colcon_core.verb:set package 'chess_pi' build argument 'cmake_clean_first' from command line to 'False'
[0.277s] Level 5:colcon.colcon_core.verb:set package 'chess_pi' build argument 'cmake_force_configure' from command line to 'False'
[0.277s] Level 5:colcon.colcon_core.verb:set package 'chess_pi' build argument 'ament_cmake_args' from command line to 'None'
[0.277s] Level 5:colcon.colcon_core.verb:set package 'chess_pi' build argument 'catkin_cmake_args' from command line to 'None'
[0.277s] Level 5:colcon.colcon_core.verb:set package 'chess_pi' build argument 'catkin_skip_building_tests' from command line to 'False'
[0.277s] DEBUG:colcon.colcon_core.verb:Building package 'chess_pi' with the following arguments: {'ament_cmake_args': None, 'build_base': '/home/cameron/ros2_ws/src/RaspberryPi-RS2/RS2/ros2_rs2_packages/chess_pi/build/chess_pi', 'catkin_cmake_args': None, 'catkin_skip_building_tests': False, 'cmake_args': None, 'cmake_clean_cache': False, 'cmake_clean_first': False, 'cmake_force_configure': False, 'cmake_target': None, 'cmake_target_skip_unavailable': False, 'install_base': '/home/cameron/ros2_ws/src/RaspberryPi-RS2/RS2/ros2_rs2_packages/chess_pi/install/chess_pi', 'merge_install': False, 'path': '/home/cameron/ros2_ws/src/RaspberryPi-RS2/RS2/ros2_rs2_packages/chess_pi', 'symlink_install': False, 'test_result_base': None}
[0.277s] INFO:colcon.colcon_core.executor:Executing jobs using 'parallel' executor
[0.278s] DEBUG:colcon.colcon_parallel_executor.executor.parallel:run_until_complete
[0.278s] INFO:colcon.colcon_ros.task.ament_cmake.build:Building ROS package in '/home/cameron/ros2_ws/src/RaspberryPi-RS2/RS2/ros2_rs2_packages/chess_pi' with build type 'ament_cmake'
[0.278s] INFO:colcon.colcon_cmake.task.cmake.build:Building CMake package in '/home/cameron/ros2_ws/src/RaspberryPi-RS2/RS2/ros2_rs2_packages/chess_pi'
[0.279s] INFO:colcon.colcon_core.plugin_system:Skipping extension 'colcon_core.shell.bat': Not used on non-Windows systems
[0.280s] INFO:colcon.colcon_core.shell:Skip shell extension 'powershell' for command environment: Not usable outside of PowerShell
[0.280s] DEBUG:colcon.colcon_core.shell:Skip shell extension 'dsv' for command environment
[0.290s] DEBUG:colcon.colcon_core.event_handler.log_command:Invoking command in '/home/cameron/ros2_ws/src/RaspberryPi-RS2/RS2/ros2_rs2_packages/chess_pi/build/chess_pi': CMAKE_PREFIX_PATH=${CMAKE_PREFIX_PATH}:/opt/ros/humble /usr/bin/cmake --build /home/cameron/ros2_ws/src/RaspberryPi-RS2/RS2/ros2_rs2_packages/chess_pi/build/chess_pi -- -j16 -l16
[9.024s] DEBUG:colcon.colcon_core.event_handler.log_command:Invoked command in '/home/cameron/ros2_ws/src/RaspberryPi-RS2/RS2/ros2_rs2_packages/chess_pi/build/chess_pi' returned '0': CMAKE_PREFIX_PATH=${CMAKE_PREFIX_PATH}:/opt/ros/humble /usr/bin/cmake --build /home/cameron/ros2_ws/src/RaspberryPi-RS2/RS2/ros2_rs2_packages/chess_pi/build/chess_pi -- -j16 -l16
[9.033s] DEBUG:colcon.colcon_core.event_handler.log_command:Invoking command in '/home/cameron/ros2_ws/src/RaspberryPi-RS2/RS2/ros2_rs2_packages/chess_pi/build/chess_pi': CMAKE_PREFIX_PATH=${CMAKE_PREFIX_PATH}:/opt/ros/humble /usr/bin/cmake --install /home/cameron/ros2_ws/src/RaspberryPi-RS2/RS2/ros2_rs2_packages/chess_pi/build/chess_pi
[9.074s] Level 1:colcon.colcon_core.environment:create_environment_scripts_only(chess_pi)
[9.074s] DEBUG:colcon.colcon_core.event_handler.log_command:Invoked command in '/home/cameron/ros2_ws/src/RaspberryPi-RS2/RS2/ros2_rs2_packages/chess_pi/build/chess_pi' returned '0': CMAKE_PREFIX_PATH=${CMAKE_PREFIX_PATH}:/opt/ros/humble /usr/bin/cmake --install /home/cameron/ros2_ws/src/RaspberryPi-RS2/RS2/ros2_rs2_packages/chess_pi/build/chess_pi
[9.076s] Level 1:colcon.colcon_core.environment:checking '/home/cameron/ros2_ws/src/RaspberryPi-RS2/RS2/ros2_rs2_packages/chess_pi/install/chess_pi' for CMake module files
[9.076s] Level 1:colcon.colcon_core.environment:checking '/home/cameron/ros2_ws/src/RaspberryPi-RS2/RS2/ros2_rs2_packages/chess_pi/install/chess_pi' for CMake config files
[9.076s] Level 1:colcon.colcon_core.shell:create_environment_hook('chess_pi', 'cmake_prefix_path')
[9.076s] INFO:colcon.colcon_core.shell:Creating environment hook '/home/cameron/ros2_ws/src/RaspberryPi-RS2/RS2/ros2_rs2_packages/chess_pi/install/chess_pi/share/chess_pi/hook/cmake_prefix_path.ps1'
[9.077s] INFO:colcon.colcon_core.shell:Creating environment descriptor '/home/cameron/ros2_ws/src/RaspberryPi-RS2/RS2/ros2_rs2_packages/chess_pi/install/chess_pi/share/chess_pi/hook/cmake_prefix_path.dsv'
[9.077s] INFO:colcon.colcon_core.shell:Creating environment hook '/home/cameron/ros2_ws/src/RaspberryPi-RS2/RS2/ros2_rs2_packages/chess_pi/install/chess_pi/share/chess_pi/hook/cmake_prefix_path.sh'
[9.078s] Level 1:colcon.colcon_core.environment:checking '/home/cameron/ros2_ws/src/RaspberryPi-RS2/RS2/ros2_rs2_packages/chess_pi/install/chess_pi/lib'
[9.078s] Level 1:colcon.colcon_core.environment:checking '/home/cameron/ros2_ws/src/RaspberryPi-RS2/RS2/ros2_rs2_packages/chess_pi/install/chess_pi/bin'
[9.078s] Level 1:colcon.colcon_core.environment:checking '/home/cameron/ros2_ws/src/RaspberryPi-RS2/RS2/ros2_rs2_packages/chess_pi/install/chess_pi/lib/pkgconfig/chess_pi.pc'
[9.078s] Level 1:colcon.colcon_core.environment:checking '/home/cameron/ros2_ws/src/RaspberryPi-RS2/RS2/ros2_rs2_packages/chess_pi/install/chess_pi/lib/python3.10/site-packages'
[9.078s] Level 1:colcon.colcon_core.environment:checking '/home/cameron/ros2_ws/src/RaspberryPi-RS2/RS2/ros2_rs2_packages/chess_pi/install/chess_pi/bin'
[9.078s] INFO:colcon.colcon_core.shell:Creating package script '/home/cameron/ros2_ws/src/RaspberryPi-RS2/RS2/ros2_rs2_packages/chess_pi/install/chess_pi/share/chess_pi/package.ps1'
[9.079s] INFO:colcon.colcon_core.shell:Creating package descriptor '/home/cameron/ros2_ws/src/RaspberryPi-RS2/RS2/ros2_rs2_packages/chess_pi/install/chess_pi/share/chess_pi/package.dsv'
[9.079s] INFO:colcon.colcon_core.shell:Creating package script '/home/cameron/ros2_ws/src/RaspberryPi-RS2/RS2/ros2_rs2_packages/chess_pi/install/chess_pi/share/chess_pi/package.sh'
[9.080s] INFO:colcon.colcon_core.shell:Creating package script '/home/cameron/ros2_ws/src/RaspberryPi-RS2/RS2/ros2_rs2_packages/chess_pi/install/chess_pi/share/chess_pi/package.bash'
[9.080s] INFO:colcon.colcon_core.shell:Creating package script '/home/cameron/ros2_ws/src/RaspberryPi-RS2/RS2/ros2_rs2_packages/chess_pi/install/chess_pi/share/chess_pi/package.zsh'
[9.080s] Level 1:colcon.colcon_core.environment:create_file_with_runtime_dependencies(/home/cameron/ros2_ws/src/RaspberryPi-RS2/RS2/ros2_rs2_packages/chess_pi/install/chess_pi/share/colcon-core/packages/chess_pi)
[9.081s] Level 1:colcon.colcon_core.environment:create_environment_scripts_only(chess_pi)
[9.081s] Level 1:colcon.colcon_core.environment:checking '/home/cameron/ros2_ws/src/RaspberryPi-RS2/RS2/ros2_rs2_packages/chess_pi/install/chess_pi' for CMake module files
[9.081s] Level 1:colcon.colcon_core.environment:checking '/home/cameron/ros2_ws/src/RaspberryPi-RS2/RS2/ros2_rs2_packages/chess_pi/install/chess_pi' for CMake config files
[9.081s] Level 1:colcon.colcon_core.shell:create_environment_hook('chess_pi', 'cmake_prefix_path')
[9.082s] INFO:colcon.colcon_core.shell:Creating environment hook '/home/cameron/ros2_ws/src/RaspberryPi-RS2/RS2/ros2_rs2_packages/chess_pi/install/chess_pi/share/chess_pi/hook/cmake_prefix_path.ps1'
[9.082s] INFO:colcon.colcon_core.shell:Creating environment descriptor '/home/cameron/ros2_ws/src/RaspberryPi-RS2/RS2/ros2_rs2_packages/chess_pi/install/chess_pi/share/chess_pi/hook/cmake_prefix_path.dsv'
[9.082s] INFO:colcon.colcon_core.shell:Creating environment hook '/home/cameron/ros2_ws/src/RaspberryPi-RS2/RS2/ros2_rs2_packages/chess_pi/install/chess_pi/share/chess_pi/hook/cmake_prefix_path.sh'
[9.082s] Level 1:colcon.colcon_core.environment:checking '/home/cameron/ros2_ws/src/RaspberryPi-RS2/RS2/ros2_rs2_packages/chess_pi/install/chess_pi/lib'
[9.082s] Level 1:colcon.colcon_core.environment:checking '/home/cameron/ros2_ws/src/RaspberryPi-RS2/RS2/ros2_rs2_packages/chess_pi/install/chess_pi/bin'
[9.082s] Level 1:colcon.colcon_core.environment:checking '/home/cameron/ros2_ws/src/RaspberryPi-RS2/RS2/ros2_rs2_packages/chess_pi/install/chess_pi/lib/pkgconfig/chess_pi.pc'
[9.083s] Level 1:colcon.colcon_core.environment:checking '/home/cameron/ros2_ws/src/RaspberryPi-RS2/RS2/ros2_rs2_packages/chess_pi/install/chess_pi/lib/python3.10/site-packages'
[9.083s] Level 1:colcon.colcon_core.environment:checking '/home/cameron/ros2_ws/src/RaspberryPi-RS2/RS2/ros2_rs2_packages/chess_pi/install/chess_pi/bin'
[9.083s] INFO:colcon.colcon_core.shell:Creating package script '/home/cameron/ros2_ws/src/RaspberryPi-RS2/RS2/ros2_rs2_packages/chess_pi/install/chess_pi/share/chess_pi/package.ps1'
[9.083s] INFO:colcon.colcon_core.shell:Creating package descriptor '/home/cameron/ros2_ws/src/RaspberryPi-RS2/RS2/ros2_rs2_packages/chess_pi/install/chess_pi/share/chess_pi/package.dsv'
[9.083s] INFO:colcon.colcon_core.shell:Creating package script '/home/cameron/ros2_ws/src/RaspberryPi-RS2/RS2/ros2_rs2_packages/chess_pi/install/chess_pi/share/chess_pi/package.sh'
[9.084s] INFO:colcon.colcon_core.shell:Creating package script '/home/cameron/ros2_ws/src/RaspberryPi-RS2/RS2/ros2_rs2_packages/chess_pi/install/chess_pi/share/chess_pi/package.bash'
[9.084s] INFO:colcon.colcon_core.shell:Creating package script '/home/cameron/ros2_ws/src/RaspberryPi-RS2/RS2/ros2_rs2_packages/chess_pi/install/chess_pi/share/chess_pi/package.zsh'
[9.084s] Level 1:colcon.colcon_core.environment:create_file_with_runtime_dependencies(/home/cameron/ros2_ws/src/RaspberryPi-RS2/RS2/ros2_rs2_packages/chess_pi/install/chess_pi/share/colcon-core/packages/chess_pi)
[9.084s] DEBUG:colcon.colcon_parallel_executor.executor.parallel:closing loop
[9.085s] DEBUG:colcon.colcon_parallel_executor.executor.parallel:loop closed
[9.085s] DEBUG:colcon.colcon_parallel_executor.executor.parallel:run_until_complete finished with '0'
[9.085s] DEBUG:colcon.colcon_core.event_reactor:joining thread
[9.089s] INFO:colcon.colcon_core.plugin_system:Skipping extension 'colcon_notification.desktop_notification.terminal_notifier': Not used on non-Darwin systems
[9.089s] INFO:colcon.colcon_core.plugin_system:Skipping extension 'colcon_notification.desktop_notification.win32': Not used on non-Windows systems
[9.089s] INFO:colcon.colcon_notification.desktop_notification:Sending desktop notification using 'notify2'
[9.097s] DEBUG:colcon.colcon_core.event_reactor:joined thread
[9.097s] INFO:colcon.colcon_core.shell:Creating prefix script '/home/cameron/ros2_ws/src/RaspberryPi-RS2/RS2/ros2_rs2_packages/chess_pi/install/local_setup.ps1'
[9.098s] INFO:colcon.colcon_core.shell:Creating prefix util module '/home/cameron/ros2_ws/src/RaspberryPi-RS2/RS2/ros2_rs2_packages/chess_pi/install/_local_setup_util_ps1.py'
[9.098s] INFO:colcon.colcon_core.shell:Creating prefix chain script '/home/cameron/ros2_ws/src/RaspberryPi-RS2/RS2/ros2_rs2_packages/chess_pi/install/setup.ps1'
[9.099s] INFO:colcon.colcon_core.shell:Creating prefix script '/home/cameron/ros2_ws/src/RaspberryPi-RS2/RS2/ros2_rs2_packages/chess_pi/install/local_setup.sh'
[9.100s] INFO:colcon.colcon_core.shell:Creating prefix util module '/home/cameron/ros2_ws/src/RaspberryPi-RS2/RS2/ros2_rs2_packages/chess_pi/install/_local_setup_util_sh.py'
[9.100s] INFO:colcon.colcon_core.shell:Creating prefix chain script '/home/cameron/ros2_ws/src/RaspberryPi-RS2/RS2/ros2_rs2_packages/chess_pi/install/setup.sh'
[9.101s] INFO:colcon.colcon_core.shell:Creating prefix script '/home/cameron/ros2_ws/src/RaspberryPi-RS2/RS2/ros2_rs2_packages/chess_pi/install/local_setup.bash'
[9.101s] INFO:colcon.colcon_core.shell:Creating prefix chain script '/home/cameron/ros2_ws/src/RaspberryPi-RS2/RS2/ros2_rs2_packages/chess_pi/install/setup.bash'
[9.101s] INFO:colcon.colcon_core.shell:Creating prefix script '/home/cameron/ros2_ws/src/RaspberryPi-RS2/RS2/ros2_rs2_packages/chess_pi/install/local_setup.zsh'
[9.102s] INFO:colcon.colcon_core.shell:Creating prefix chain script '/home/cameron/ros2_ws/src/RaspberryPi-RS2/RS2/ros2_rs2_packages/chess_pi/install/setup.zsh'
